[debug] [2023-05-13T21:57:46.774Z] ----------------------------------------------------------------------
[debug] [2023-05-13T21:57:46.776Z] Command:       C:\Program Files\nodejs\node.exe C:\Users\Anmol Bansal\AppData\Roaming\npm\node_modules\firebase-tools\lib\bin\firebase.js init
[debug] [2023-05-13T21:57:46.777Z] CLI Version:   11.19.0
[debug] [2023-05-13T21:57:46.777Z] Platform:      win32
[debug] [2023-05-13T21:57:46.777Z] Node Version:  v16.14.2
[debug] [2023-05-13T21:57:46.802Z] Time:          Sun May 14 2023 03:27:46 GMT+0530 (India Standard Time)
[debug] [2023-05-13T21:57:46.802Z] ----------------------------------------------------------------------
[debug] 
[debug] [2023-05-13T21:57:46.816Z] > command requires scopes: ["email","openid","https://www.googleapis.com/auth/cloudplatformprojects.readonly","https://www.googleapis.com/auth/firebase","https://www.googleapis.com/auth/cloud-platform"]
[debug] [2023-05-13T21:57:46.816Z] > authorizing via signed-in user (anmolbansal1807@gmail.com)
[info] 
     ######## #### ########  ######## ########     ###     ######  ########
     ##        ##  ##     ## ##       ##     ##  ##   ##  ##       ##
     ######    ##  ########  ######   ########  #########  ######  ######
     ##        ##  ##    ##  ##       ##     ## ##     ##       ## ##
     ##       #### ##     ## ######## ########  ##     ##  ######  ########

You're about to initialize a Firebase project in this directory:

  D:\high-end-projects\linkedin-clone

[info] 
=== Project Setup
[info] 
[info] First, let's associate this project directory with a Firebase project.
[info] You can create multiple project aliases by running firebase use --add, 
[info] but for now we'll just set up a default project.
[info] 
[debug] [2023-05-13T21:59:08.742Z] >>> [apiv2][query] GET https://firebase.googleapis.com/v1beta1/projects pageSize=100
[debug] [2023-05-13T21:59:09.585Z] <<< [apiv2][status] GET https://firebase.googleapis.com/v1beta1/projects 200
[debug] [2023-05-13T21:59:09.586Z] <<< [apiv2][body] GET https://firebase.googleapis.com/v1beta1/projects [omitted]
[info] i  Using project linkedin-clone-fb39c (linkedin-clone) 
[info] 
=== Hosting Setup
[info] 
[info] Your public directory is the folder (relative to your project directory) that
[info] will contain Hosting assets to be uploaded with firebase deploy. If you
[info] have a build process for your assets, use your build's output directory.
[info] 
[debug] [2023-05-13T21:59:50.340Z] >>> [apiv2][query] GET https://www.gstatic.com/firebasejs/releases.json [none]
[debug] [2023-05-13T21:59:50.488Z] <<< [apiv2][status] GET https://www.gstatic.com/firebasejs/releases.json 200
[debug] [2023-05-13T21:59:50.488Z] <<< [apiv2][body] GET https://www.gstatic.com/firebasejs/releases.json {"current":{"version":"9.22.0","browserURL":"https://www.gstatic.com/firebasejs/9.22.0/firebase.js","packageURL":"https://www.gstatic.com/firebasejs/9.22.0/firebase.tgz"},"live":{"version":"9.22","browserURL":"https://www.gstatic.com/firebasejs/live/9.22/firebase.js","packageURL":"https://www.gstatic.com/firebasejs/live/9.22/firebase.tgz"},"components":{"analytics":"https://www.gstatic.com/firebasejs/9.22.0/firebase-analytics.js","app":"https://www.gstatic.com/firebasejs/9.22.0/firebase-app.js","app-check":"https://www.gstatic.com/firebasejs/9.22.0/firebase-app-check.js","auth":"https://www.gstatic.com/firebasejs/9.22.0/firebase-auth.js","auth/cordova":"https://www.gstatic.com/firebasejs/9.22.0/firebase-auth/cordova.js","auth/react-native":"https://www.gstatic.com/firebasejs/9.22.0/firebase-auth/react-native.js","functions":"https://www.gstatic.com/firebasejs/9.22.0/firebase-functions.js","firestore":"https://www.gstatic.com/firebasejs/9.22.0/firebase-firestore.js","firestore/lite":"https://www.gstatic.com/firebasejs/9.22.0/firebase-firestore/lite.js","installations":"https://www.gstatic.com/firebasejs/9.22.0/firebase-installations.js","storage":"https://www.gstatic.com/firebasejs/9.22.0/firebase-storage.js","performance":"https://www.gstatic.com/firebasejs/9.22.0/firebase-performance.js","remote-config":"https://www.gstatic.com/firebasejs/9.22.0/firebase-remote-config.js","messaging":"https://www.gstatic.com/firebasejs/9.22.0/firebase-messaging.js","messaging/sw":"https://www.gstatic.com/firebasejs/9.22.0/firebase-messaging/sw.js","database":"https://www.gstatic.com/firebasejs/9.22.0/firebase-database.js","firestore.memory":"https://www.gstatic.com/firebasejs/9.22.0/firebase-firestore.memory.js"}}
[info] +  Wrote build/index.html 
[info] 
[info] i  Detected a .git folder at D:\high-end-projects\linkedin-clone 
[info] i  Authorizing with GitHub to upload your service account to a GitHub repository's secrets store. 
[info] 
[info] Visit this URL on this device to log in:
[info] https://github.com/login/oauth/authorize?client_id=89cf50f02ac6aaed3484&state=626514367&redirect_uri=http%3A%2F%2Flocalhost%3A9005&scope=read%3Auser%20repo%20public_repo
[info] 
[info] Waiting for authentication...
[debug] [2023-05-13T22:00:10.403Z] >>> [apiv2][query] POST https://github.com/login/oauth/access_token [none]
[debug] [2023-05-13T22:00:10.403Z] >>> [apiv2][body] POST https://github.com/login/oauth/access_token [stream]
[debug] [2023-05-13T22:00:10.855Z] <<< [apiv2][status] POST https://github.com/login/oauth/access_token 200
[debug] [2023-05-13T22:00:10.856Z] <<< [apiv2][body] POST https://github.com/login/oauth/access_token {"access_token":"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","token_type":"bearer","scope":"read:user,repo"}
[debug] [2023-05-13T22:00:10.869Z] >>> [apiv2][query] GET https://api.github.com/user [none]
[debug] [2023-05-13T22:00:11.344Z] <<< [apiv2][status] GET https://api.github.com/user 200
[debug] [2023-05-13T22:00:11.344Z] <<< [apiv2][body] GET https://api.github.com/user {"login":"AnmolBansalDEV","id":86472377,"node_id":"MDQ6VXNlcjg2NDcyMzc3","avatar_url":"https://avatars.githubusercontent.com/u/86472377?v=4","gravatar_id":"","url":"https://api.github.com/users/AnmolBansalDEV","html_url":"https://github.com/AnmolBansalDEV","followers_url":"https://api.github.com/users/AnmolBansalDEV/followers","following_url":"https://api.github.com/users/AnmolBansalDEV/following{/other_user}","gists_url":"https://api.github.com/users/AnmolBansalDEV/gists{/gist_id}","starred_url":"https://api.github.com/users/AnmolBansalDEV/starred{/owner}{/repo}","subscriptions_url":"https://api.github.com/users/AnmolBansalDEV/subscriptions","organizations_url":"https://api.github.com/users/AnmolBansalDEV/orgs","repos_url":"https://api.github.com/users/AnmolBansalDEV/repos","events_url":"https://api.github.com/users/AnmolBansalDEV/events{/privacy}","received_events_url":"https://api.github.com/users/AnmolBansalDEV/received_events","type":"User","site_admin":false,"name":"Anmol Bansal","company":null,"blog":"","location":null,"email":null,"hireable":null,"bio":null,"twitter_username":"anmolbansal02","public_repos":34,"public_gists":0,"followers":4,"following":11,"created_at":"2021-06-25T10:53:22Z","updated_at":"2023-04-23T12:23:23Z","private_gists":0,"total_private_repos":1,"owned_private_repos":1,"disk_usage":67029,"collaborators":2,"two_factor_authentication":false,"plan":{"name":"pro","space":976562499,"collaborators":0,"private_repos":9999}}
[info] 
[info] +  Success! Logged into GitHub as AnmolBansalDEV 
[info] 
